# JRE version: OpenJDK Runtime Environment (11.0.8+10) (build 11.0.8+10-b944.6842174)
# Java VM: OpenJDK 64-Bit Server VM (11.0.8+10-b944.6842174, mixed mode, tiered, compressed oops, g1 gc, windows-amd64)
Heap:
 garbage-first heap   total 225280K, used 163319K [0x0000000080000000, 0x0000000100000000)
  region size 1024K, 38 young (38912K), 4 survivors (4096K)
 Metaspace       used 105116K, capacity 107784K, committed 107988K, reserved 1142784K
  class space    used 12906K, capacity 13855K, committed 13900K, reserved 1048576K
GC Heap History (20 events):
Event: 66.252 GC heap before
{Heap before GC invocations=32 (full 0):
 garbage-first heap   total 187392K, used 133383K [0x0000000080000000, 0x0000000100000000)
  region size 1024K, 37 young (37888K), 1 survivors (1024K)
 Metaspace       used 93314K, capacity 95617K, committed 95828K, reserved 1132544K
  class space    used 11664K, capacity 12460K, committed 12492K, reserved 1048576K
}
Event: 66.260 GC heap after
{Heap after GC invocations=33 (full 0):
 garbage-first heap   total 187392K, used 98367K [0x0000000080000000, 0x0000000100000000)
  region size 1024K, 2 young (2048K), 2 survivors (2048K)
 Metaspace       used 93314K, capacity 95617K, committed 95828K, reserved 1132544K
  class space    used 11664K, capacity 12460K, committed 12492K, reserved 1048576K
}
Event: 67.116 GC heap before
{Heap before GC invocations=34 (full 0):
 garbage-first heap   total 187392K, used 136255K [0x0000000080000000, 0x0000000100000000)
  region size 1024K, 40 young (40960K), 2 survivors (2048K)
 Metaspace       used 93756K, capacity 96099K, committed 96212K, reserved 1132544K
  class space    used 11711K, capacity 12535K, committed 12620K, reserved 1048576K
}
Event: 67.128 GC heap after
{Heap after GC invocations=35 (full 0):
 garbage-first heap   total 187392K, used 98705K [0x0000000080000000, 0x0000000100000000)
  region size 1024K, 2 young (2048K), 2 survivors (2048K)
 Metaspace       used 93756K, capacity 96099K, committed 96212K, reserved 1132544K
  class space    used 11711K, capacity 12535K, committed 12620K, reserved 1048576K
}
Event: 67.238 GC heap before
{Heap before GC invocations=35 (full 0):
 garbage-first heap   total 187392K, used 105873K [0x0000000080000000, 0x0000000100000000)
  region size 1024K, 9 young (9216K), 2 survivors (2048K)
 Metaspace       used 94245K, capacity 96646K, committed 96852K, reserved 1134592K
  class space    used 11771K, capacity 12611K, committed 12748K, reserved 1048576K
}
Event: 67.250 GC heap after
{Heap after GC invocations=36 (full 0):
 garbage-first heap   total 187392K, used 96737K [0x0000000080000000, 0x0000000100000000)
  region size 1024K, 2 young (2048K), 2 survivors (2048K)
 Metaspace       used 94245K, capacity 96646K, committed 96852K, reserved 1134592K
  class space    used 11771K, capacity 12611K, committed 12748K, reserved 1048576K
}
Event: 68.076 GC heap before
{Heap before GC invocations=36 (full 0):
 garbage-first heap   total 187392K, used 137697K [0x0000000080000000, 0x0000000100000000)
  region size 1024K, 43 young (44032K), 2 survivors (2048K)
 Metaspace       used 94766K, capacity 97104K, committed 97364K, reserved 1134592K
  class space    used 11810K, capacity 12613K, committed 12748K, reserved 1048576K
}
Event: 68.116 GC heap after
{Heap after GC invocations=37 (full 0):
 garbage-first heap   total 187392K, used 105141K [0x0000000080000000, 0x0000000100000000)
  region size 1024K, 6 young (6144K), 6 survivors (6144K)
 Metaspace       used 94766K, capacity 97104K, committed 97364K, reserved 1134592K
  class space    used 11810K, capacity 12613K, committed 12748K, reserved 1048576K
}
Event: 69.961 GC heap before
{Heap before GC invocations=38 (full 0):
 garbage-first heap   total 187392K, used 143029K [0x0000000080000000, 0x0000000100000000)
  region size 1024K, 44 young (45056K), 6 survivors (6144K)
 Metaspace       used 99655K, capacity 102054K, committed 102356K, reserved 1138688K
  class space    used 12464K, capacity 13305K, committed 13388K, reserved 1048576K
}
Event: 69.981 GC heap after
{Heap after GC invocations=39 (full 0):
 garbage-first heap   total 187392K, used 107029K [0x0000000080000000, 0x0000000100000000)
  region size 1024K, 2 young (2048K), 2 survivors (2048K)
 Metaspace       used 99655K, capacity 102054K, committed 102356K, reserved 1138688K
  class space    used 12464K, capacity 13305K, committed 13388K, reserved 1048576K
}
Event: 70.206 GC heap before
{Heap before GC invocations=39 (full 0):
 garbage-first heap   total 187392K, used 113173K [0x0000000080000000, 0x0000000100000000)
  region size 1024K, 9 young (9216K), 2 survivors (2048K)
 Metaspace       used 101136K, capacity 103642K, committed 103764K, reserved 1140736K
  class space    used 12609K, capacity 13451K, committed 13516K, reserved 1048576K
}
Event: 70.219 GC heap after
{Heap after GC invocations=40 (full 0):
 garbage-first heap   total 187392K, used 106890K [0x0000000080000000, 0x0000000100000000)
  region size 1024K, 2 young (2048K), 2 survivors (2048K)
 Metaspace       used 101136K, capacity 103642K, committed 103764K, reserved 1140736K
  class space    used 12609K, capacity 13451K, committed 13516K, reserved 1048576K
}
Event: 73.806 GC heap before
{Heap before GC invocations=40 (full 0):
 garbage-first heap   total 187392K, used 147850K [0x0000000080000000, 0x0000000100000000)
  region size 1024K, 40 young (40960K), 2 survivors (2048K)
 Metaspace       used 101963K, capacity 104421K, committed 104532K, reserved 1140736K
  class space    used 12663K, capacity 13516K, committed 13516K, reserved 1048576K
}
Event: 73.823 GC heap after
{Heap after GC invocations=41 (full 0):
 garbage-first heap   total 187392K, used 119808K [0x0000000080000000, 0x0000000100000000)
  region size 1024K, 5 young (5120K), 5 survivors (5120K)
 Metaspace       used 101963K, capacity 104421K, committed 104532K, reserved 1140736K
  class space    used 12663K, capacity 13516K, committed 13516K, reserved 1048576K
}
Event: 74.629 GC heap before
{Heap before GC invocations=41 (full 0):
 garbage-first heap   total 187392K, used 151552K [0x0000000080000000, 0x0000000100000000)
  region size 1024K, 36 young (36864K), 5 survivors (5120K)
 Metaspace       used 102835K, capacity 105388K, committed 105556K, reserved 1140736K
  class space    used 12732K, capacity 13662K, committed 13772K, reserved 1048576K
}
Event: 74.648 GC heap after
{Heap after GC invocations=42 (full 0):
 garbage-first heap   total 187392K, used 125760K [0x0000000080000000, 0x0000000100000000)
  region size 1024K, 5 young (5120K), 5 survivors (5120K)
 Metaspace       used 102835K, capacity 105388K, committed 105556K, reserved 1140736K
  class space    used 12732K, capacity 13662K, committed 13772K, reserved 1048576K
}
Event: 75.696 GC heap before
{Heap before GC invocations=42 (full 0):
 garbage-first heap   total 187392K, used 153408K [0x0000000080000000, 0x0000000100000000)
  region size 1024K, 32 young (32768K), 5 survivors (5120K)
 Metaspace       used 104263K, capacity 106908K, committed 107220K, reserved 1142784K
  class space    used 12860K, capacity 13800K, committed 13900K, reserved 1048576K
}
Event: 75.710 GC heap after
{Heap after GC invocations=43 (full 0):
 garbage-first heap   total 187392K, used 128000K [0x0000000080000000, 0x0000000100000000)
  region size 1024K, 2 young (2048K), 2 survivors (2048K)
 Metaspace       used 104263K, capacity 106908K, committed 107220K, reserved 1142784K
  class space    used 12860K, capacity 13800K, committed 13900K, reserved 1048576K
}
Event: 77.323 GC heap before
{Heap before GC invocations=43 (full 0):
 garbage-first heap   total 187392K, used 155648K [0x0000000080000000, 0x0000000100000000)
  region size 1024K, 29 young (29696K), 2 survivors (2048K)
 Metaspace       used 104725K, capacity 107401K, committed 107476K, reserved 1142784K
  class space    used 12869K, capacity 13835K, committed 13900K, reserved 1048576K
}
Event: 77.335 GC heap after
{Heap after GC invocations=44 (full 0):
 garbage-first heap   total 225280K, used 129527K [0x0000000080000000, 0x0000000100000000)
  region size 1024K, 4 young (4096K), 4 survivors (4096K)
 Metaspace       used 104725K, capacity 107401K, committed 107476K, reserved 1142784K
  class space    used 12869K, capacity 13835K, committed 13900K, reserved 1048576K
}

