# JRE version: OpenJDK Runtime Environment (11.0.8+10) (build 11.0.8+10-b944.6842174)
# Java VM: OpenJDK 64-Bit Server VM (11.0.8+10-b944.6842174, mixed mode, tiered, compressed oops, g1 gc, windows-amd64)
Heap:
 garbage-first heap   total 129024K, used 19099K [0x0000000080000000, 0x0000000100000000)
  region size 1024K, 5 young (5120K), 5 survivors (5120K)
 Metaspace       used 26601K, capacity 27269K, committed 27392K, reserved 1081344K
  class space    used 3485K, capacity 3752K, committed 3840K, reserved 1048576K
GC Heap History (10 events):
Event: 0.903 GC heap before
{Heap before GC invocations=0 (full 0):
 garbage-first heap   total 129024K, used 16384K [0x0000000080000000, 0x0000000100000000)
  region size 1024K, 14 young (14336K), 0 survivors (0K)
 Metaspace       used 6757K, capacity 6937K, committed 7168K, reserved 1056768K
  class space    used 589K, capacity 650K, committed 768K, reserved 1048576K
}
Event: 0.906 GC heap after
{Heap after GC invocations=1 (full 0):
 garbage-first heap   total 129024K, used 3560K [0x0000000080000000, 0x0000000100000000)
  region size 1024K, 2 young (2048K), 2 survivors (2048K)
 Metaspace       used 6757K, capacity 6937K, committed 7168K, reserved 1056768K
  class space    used 589K, capacity 650K, committed 768K, reserved 1048576K
}
Event: 2.771 GC heap before
{Heap before GC invocations=1 (full 0):
 garbage-first heap   total 129024K, used 81384K [0x0000000080000000, 0x0000000100000000)
  region size 1024K, 75 young (76800K), 2 survivors (2048K)
 Metaspace       used 11940K, capacity 12281K, committed 12544K, reserved 1060864K
  class space    used 1313K, capacity 1412K, committed 1536K, reserved 1048576K
}
Event: 2.781 GC heap after
{Heap after GC invocations=2 (full 0):
 garbage-first heap   total 129024K, used 14540K [0x0000000080000000, 0x0000000100000000)
  region size 1024K, 10 young (10240K), 10 survivors (10240K)
 Metaspace       used 11940K, capacity 12281K, committed 12544K, reserved 1060864K
  class space    used 1313K, capacity 1412K, committed 1536K, reserved 1048576K
}
Event: 7.873 GC heap before
{Heap before GC invocations=2 (full 0):
 garbage-first heap   total 129024K, used 62668K [0x0000000080000000, 0x0000000100000000)
  region size 1024K, 58 young (59392K), 10 survivors (10240K)
 Metaspace       used 20595K, capacity 21104K, committed 21248K, reserved 1067008K
  class space    used 2505K, capacity 2690K, committed 2816K, reserved 1048576K
}
Event: 7.889 GC heap after
{Heap after GC invocations=3 (full 0):
 garbage-first heap   total 129024K, used 16982K [0x0000000080000000, 0x0000000100000000)
  region size 1024K, 3 young (3072K), 3 survivors (3072K)
 Metaspace       used 20595K, capacity 21104K, committed 21248K, reserved 1067008K
  class space    used 2505K, capacity 2690K, committed 2816K, reserved 1048576K
}
Event: 9.726 GC heap before
{Heap before GC invocations=4 (full 0):
 garbage-first heap   total 129024K, used 77398K [0x0000000080000000, 0x0000000100000000)
  region size 1024K, 62 young (63488K), 3 survivors (3072K)
 Metaspace       used 26223K, capacity 26893K, committed 27008K, reserved 1073152K
  class space    used 3421K, capacity 3667K, committed 3712K, reserved 1048576K
}
Event: 9.733 GC heap after
{Heap after GC invocations=5 (full 0):
 garbage-first heap   total 129024K, used 18790K [0x0000000080000000, 0x0000000100000000)
  region size 1024K, 5 young (5120K), 5 survivors (5120K)
 Metaspace       used 26223K, capacity 26893K, committed 27008K, reserved 1073152K
  class space    used 3421K, capacity 3667K, committed 3712K, reserved 1048576K
}
Event: 9.923 GC heap before
{Heap before GC invocations=5 (full 0):
 garbage-first heap   total 129024K, used 23910K [0x0000000080000000, 0x0000000100000000)
  region size 1024K, 11 young (11264K), 5 survivors (5120K)
 Metaspace       used 26601K, capacity 27269K, committed 27392K, reserved 1079296K
  class space    used 3485K, capacity 3752K, committed 3840K, reserved 1048576K
}
Event: 9.931 GC heap after
{Heap after GC invocations=6 (full 0):
 garbage-first heap   total 129024K, used 19099K [0x0000000080000000, 0x0000000100000000)
  region size 1024K, 5 young (5120K), 5 survivors (5120K)
 Metaspace       used 26601K, capacity 27269K, committed 27392K, reserved 1079296K
  class space    used 3485K, capacity 3752K, committed 3840K, reserved 1048576K
}

