# JRE version: OpenJDK Runtime Environment (11.0.8+10) (build 11.0.8+10-b944.6842174)
# Java VM: OpenJDK 64-Bit Server VM (11.0.8+10-b944.6842174, mixed mode, tiered, compressed oops, g1 gc, windows-amd64)
Heap:
 garbage-first heap   total 225280K, used 72506K [0x0000000080000000, 0x0000000100000000)
  region size 1024K, 9 young (9216K), 9 survivors (9216K)
 Metaspace       used 80284K, capacity 82343K, committed 82636K, reserved 1120256K
  class space    used 10356K, capacity 11113K, committed 11212K, reserved 1048576K
GC Heap History (20 events):
Event: 7.955 GC heap after
{Heap after GC invocations=10 (full 0):
 garbage-first heap   total 129024K, used 23227K [0x0000000080000000, 0x0000000100000000)
  region size 1024K, 6 young (6144K), 6 survivors (6144K)
 Metaspace       used 35066K, capacity 35806K, committed 35840K, reserved 1081344K
  class space    used 4541K, capacity 4832K, committed 4864K, reserved 1048576K
}
Event: 9.000 GC heap before
{Heap before GC invocations=11 (full 0):
 garbage-first heap   total 129024K, used 85691K [0x0000000080000000, 0x0000000100000000)
  region size 1024K, 65 young (66560K), 6 survivors (6144K)
 Metaspace       used 40211K, capacity 41140K, committed 41420K, reserved 1085440K
  class space    used 5176K, capacity 5511K, committed 5580K, reserved 1048576K
}
Event: 9.022 GC heap after
{Heap after GC invocations=12 (full 0):
 garbage-first heap   total 155648K, used 26535K [0x0000000080000000, 0x0000000100000000)
  region size 1024K, 8 young (8192K), 8 survivors (8192K)
 Metaspace       used 40211K, capacity 41140K, committed 41420K, reserved 1085440K
  class space    used 5176K, capacity 5511K, committed 5580K, reserved 1048576K
}
Event: 10.212 GC heap before
{Heap before GC invocations=12 (full 0):
 garbage-first heap   total 155648K, used 94119K [0x0000000080000000, 0x0000000100000000)
  region size 1024K, 74 young (75776K), 8 survivors (8192K)
 Metaspace       used 45598K, capacity 46703K, committed 46796K, reserved 1089536K
  class space    used 5847K, capacity 6259K, committed 6348K, reserved 1048576K
}
Event: 10.224 GC heap after
{Heap after GC invocations=13 (full 0):
 garbage-first heap   total 155648K, used 29612K [0x0000000080000000, 0x0000000100000000)
  region size 1024K, 7 young (7168K), 7 survivors (7168K)
 Metaspace       used 45598K, capacity 46703K, committed 46796K, reserved 1089536K
  class space    used 5847K, capacity 6259K, committed 6348K, reserved 1048576K
}
Event: 12.304 GC heap before
{Heap before GC invocations=13 (full 0):
 garbage-first heap   total 155648K, used 117676K [0x0000000080000000, 0x0000000100000000)
  region size 1024K, 91 young (93184K), 7 survivors (7168K)
 Metaspace       used 53341K, capacity 54724K, committed 54860K, reserved 1097728K
  class space    used 6735K, capacity 7212K, committed 7244K, reserved 1048576K
}
Event: 12.321 GC heap after
{Heap after GC invocations=14 (full 0):
 garbage-first heap   total 155648K, used 41542K [0x0000000080000000, 0x0000000100000000)
  region size 1024K, 12 young (12288K), 12 survivors (12288K)
 Metaspace       used 53341K, capacity 54724K, committed 54860K, reserved 1097728K
  class space    used 6735K, capacity 7212K, committed 7244K, reserved 1048576K
}
Event: 13.509 GC heap before
{Heap before GC invocations=14 (full 0):
 garbage-first heap   total 155648K, used 75334K [0x0000000080000000, 0x0000000100000000)
  region size 1024K, 46 young (47104K), 12 survivors (12288K)
 Metaspace       used 58664K, capacity 60143K, committed 60236K, reserved 1101824K
  class space    used 7405K, capacity 7922K, committed 8012K, reserved 1048576K
}
Event: 13.538 GC heap after
{Heap after GC invocations=15 (full 0):
 garbage-first heap   total 155648K, used 44528K [0x0000000080000000, 0x0000000100000000)
  region size 1024K, 3 young (3072K), 3 survivors (3072K)
 Metaspace       used 58664K, capacity 60143K, committed 60236K, reserved 1101824K
  class space    used 7405K, capacity 7922K, committed 8012K, reserved 1048576K
}
Event: 14.764 GC heap before
{Heap before GC invocations=16 (full 0):
 garbage-first heap   total 155648K, used 100848K [0x0000000080000000, 0x0000000100000000)
  region size 1024K, 58 young (59392K), 3 survivors (3072K)
 Metaspace       used 62579K, capacity 64128K, committed 64332K, reserved 1105920K
  class space    used 7920K, capacity 8466K, committed 8524K, reserved 1048576K
}
Event: 14.779 GC heap after
{Heap after GC invocations=17 (full 0):
 garbage-first heap   total 187392K, used 48152K [0x0000000080000000, 0x0000000100000000)
  region size 1024K, 7 young (7168K), 7 survivors (7168K)
 Metaspace       used 62579K, capacity 64128K, committed 64332K, reserved 1105920K
  class space    used 7920K, capacity 8466K, committed 8524K, reserved 1048576K
}
Event: 16.896 GC heap before
{Heap before GC invocations=18 (full 0):
 garbage-first heap   total 187392K, used 119832K [0x0000000080000000, 0x0000000100000000)
  region size 1024K, 77 young (78848K), 7 survivors (7168K)
 Metaspace       used 67918K, capacity 69635K, committed 69836K, reserved 1110016K
  class space    used 8762K, capacity 9356K, committed 9420K, reserved 1048576K
}
Event: 16.914 GC heap after
{Heap after GC invocations=19 (full 0):
 garbage-first heap   total 187392K, used 53356K [0x0000000080000000, 0x0000000100000000)
  region size 1024K, 10 young (10240K), 10 survivors (10240K)
 Metaspace       used 67918K, capacity 69635K, committed 69836K, reserved 1110016K
  class space    used 8762K, capacity 9356K, committed 9420K, reserved 1048576K
}
Event: 18.522 GC heap before
{Heap before GC invocations=19 (full 0):
 garbage-first heap   total 187392K, used 126060K [0x0000000080000000, 0x0000000100000000)
  region size 1024K, 81 young (82944K), 10 survivors (10240K)
 Metaspace       used 72162K, capacity 73927K, committed 74060K, reserved 1114112K
  class space    used 9433K, capacity 10052K, committed 10060K, reserved 1048576K
}
Event: 18.542 GC heap after
{Heap after GC invocations=20 (full 0):
 garbage-first heap   total 187392K, used 58331K [0x0000000080000000, 0x0000000100000000)
  region size 1024K, 10 young (10240K), 10 survivors (10240K)
 Metaspace       used 72162K, capacity 73927K, committed 74060K, reserved 1114112K
  class space    used 9433K, capacity 10052K, committed 10060K, reserved 1048576K
}
Event: 20.814 GC heap before
{Heap before GC invocations=20 (full 0):
 garbage-first heap   total 187392K, used 132059K [0x0000000080000000, 0x0000000100000000)
  region size 1024K, 82 young (83968K), 10 survivors (10240K)
 Metaspace       used 79273K, capacity 81353K, committed 81484K, reserved 1120256K
  class space    used 10315K, capacity 11057K, committed 11084K, reserved 1048576K
}
Event: 20.838 GC heap after
{Heap after GC invocations=21 (full 0):
 garbage-first heap   total 187392K, used 63941K [0x0000000080000000, 0x0000000100000000)
  region size 1024K, 11 young (11264K), 11 survivors (11264K)
 Metaspace       used 79273K, capacity 81353K, committed 81484K, reserved 1120256K
  class space    used 10315K, capacity 11057K, committed 11084K, reserved 1048576K
}
Event: 22.596 GC heap before
{Heap before GC invocations=21 (full 0):
 garbage-first heap   total 187392K, used 135621K [0x0000000080000000, 0x0000000100000000)
  region size 1024K, 82 young (83968K), 11 survivors (11264K)
 Metaspace       used 79995K, capacity 82034K, committed 82252K, reserved 1120256K
  class space    used 10341K, capacity 11069K, committed 11084K, reserved 1048576K
}
Event: 22.618 GC heap after
{Heap after GC invocations=22 (full 0):
 garbage-first heap   total 187392K, used 68522K [0x0000000080000000, 0x0000000100000000)
  region size 1024K, 11 young (11264K), 11 survivors (11264K)
 Metaspace       used 79995K, capacity 82034K, committed 82252K, reserved 1120256K
  class space    used 10341K, capacity 11069K, committed 11084K, reserved 1048576K
}
Event: 23.801 GC heap before
{Heap before GC invocations=22 (full 0):
 garbage-first heap   total 187392K, used 140202K [0x0000000080000000, 0x0000000100000000)
  region size 1024K, 82 young (83968K), 11 survivors (11264K)
 Metaspace       used 80284K, capacity 82343K, committed 82636K, reserved 1120256K
  class space    used 10356K, capacity 11113K, committed 11212K, reserved 1048576K
}

